node:internal/modules/cjs/loader:1143
  throw err;
  ^

Error: Cannot find module 'fs-extra'
Require stack:
- /home/ubuntu/lol-fantasy-app/backend/draftServer.js
    at Module._resolveFilename (node:internal/modules/cjs/loader:1140:15)
    at Module._load (node:internal/modules/cjs/loader:981:27)
    at Module.require (node:internal/modules/cjs/loader:1231:19)
    at require (node:internal/modules/helpers:177:18)
    at Object.<anonymous> (/home/ubuntu/lol-fantasy-app/backend/draftServer.js:3:12)
    at Module._compile (node:internal/modules/cjs/loader:1364:14)
    at Module._extensions..js (node:internal/modules/cjs/loader:1422:10)
    at Module.load (node:internal/modules/cjs/loader:1203:32)
    at Module._load (node:internal/modules/cjs/loader:1019:12)
    at Function.executeUserEntryPoint [as runMain] (node:internal/modules/run_main:128:12) {
  code: 'MODULE_NOT_FOUND',
  requireStack: [ '/home/ubuntu/lol-fantasy-app/backend/draftServer.js' ]
}

Node.js v18.20.8
